# JRE version: OpenJDK Runtime Environment (17.0+35) (build 17+35-2724)
# Java VM: OpenJDK 64-Bit Server VM (17+35-2724, mixed mode, sharing, tiered, compressed oops, compressed class ptrs, g1 gc, windows-amd64)
GC Precious Log:
 CPUs: 12 total, 12 available
 Memory: 16169M
 Large Page Support: Disabled
 NUMA Support: Disabled
 Compressed Oops: Enabled (Zero based)
 Heap Region Size: 2M
 Heap Min Capacity: 8M
 Heap Initial Capacity: 254M
 Heap Max Capacity: 4044M
 Pre-touch: Disabled
 Parallel Workers: 10
 Concurrent Workers: 3
 Concurrent Refinement Workers: 10
 Periodic GC: Disabled
Heap:
 garbage-first heap   total 69632K, used 32442K [0x00000004d7800000, 0x00000005d4400000)
  region size 2048K, 9 young (18432K), 1 survivors (2048K)
 Metaspace       used 37822K, committed 38272K, reserved 1089536K
  class space    used 5025K, committed 5248K, reserved 1048576K
GC Heap History (16 events):
Event: 0.951 GC heap before
{Heap before GC invocations=0 (full 0):
 garbage-first heap   total 260096K, used 22528K [0x00000004d7800000, 0x00000005d4400000)
  region size 2048K, 11 young (22528K), 0 survivors (0K)
 Metaspace       used 4707K, committed 4864K, reserved 1056768K
  class space    used 544K, committed 640K, reserved 1048576K
}
Event: 0.954 GC heap after
{Heap after GC invocations=1 (full 0):
 garbage-first heap   total 260096K, used 6863K [0x00000004d7800000, 0x00000005d4400000)
  region size 2048K, 2 young (4096K), 2 survivors (4096K)
 Metaspace       used 4707K, committed 4864K, reserved 1056768K
  class space    used 544K, committed 640K, reserved 1048576K
}
Event: 1.455 GC heap before
{Heap before GC invocations=1 (full 0):
 garbage-first heap   total 260096K, used 31439K [0x00000004d7800000, 0x00000005d4400000)
  region size 2048K, 14 young (28672K), 2 survivors (4096K)
 Metaspace       used 10882K, committed 11136K, reserved 1064960K
  class space    used 1466K, committed 1600K, reserved 1048576K
}
Event: 1.459 GC heap after
{Heap after GC invocations=2 (full 0):
 garbage-first heap   total 260096K, used 9863K [0x00000004d7800000, 0x00000005d4400000)
  region size 2048K, 2 young (4096K), 2 survivors (4096K)
 Metaspace       used 10882K, committed 11136K, reserved 1064960K
  class space    used 1466K, committed 1600K, reserved 1048576K
}
Event: 2.137 GC heap before
{Heap before GC invocations=2 (full 0):
 garbage-first heap   total 260096K, used 69255K [0x00000004d7800000, 0x00000005d4400000)
  region size 2048K, 32 young (65536K), 2 survivors (4096K)
 Metaspace       used 21216K, committed 21504K, reserved 1073152K
  class space    used 2664K, committed 2816K, reserved 1048576K
}
Event: 2.140 GC heap after
{Heap after GC invocations=3 (full 0):
 garbage-first heap   total 260096K, used 12782K [0x00000004d7800000, 0x00000005d4400000)
  region size 2048K, 3 young (6144K), 3 survivors (6144K)
 Metaspace       used 21216K, committed 21504K, reserved 1073152K
  class space    used 2664K, committed 2816K, reserved 1048576K
}
Event: 2.720 GC heap before
{Heap before GC invocations=4 (full 0):
 garbage-first heap   total 55296K, used 39406K [0x00000004d7800000, 0x00000005d4400000)
  region size 2048K, 16 young (32768K), 3 survivors (6144K)
 Metaspace       used 25389K, committed 25664K, reserved 1073152K
  class space    used 3291K, committed 3392K, reserved 1048576K
}
Event: 2.727 GC heap after
{Heap after GC invocations=5 (full 0):
 garbage-first heap   total 55296K, used 14257K [0x00000004d7800000, 0x00000005d4400000)
  region size 2048K, 1 young (2048K), 1 survivors (2048K)
 Metaspace       used 25389K, committed 25664K, reserved 1073152K
  class space    used 3291K, committed 3392K, reserved 1048576K
}
Event: 2.779 GC heap before
{Heap before GC invocations=5 (full 0):
 garbage-first heap   total 55296K, used 16305K [0x00000004d7800000, 0x00000005d4400000)
  region size 2048K, 2 young (4096K), 1 survivors (2048K)
 Metaspace       used 25656K, committed 25920K, reserved 1073152K
  class space    used 3330K, committed 3456K, reserved 1048576K
}
Event: 2.783 GC heap after
{Heap after GC invocations=6 (full 0):
 garbage-first heap   total 55296K, used 14626K [0x00000004d7800000, 0x00000005d4400000)
  region size 2048K, 1 young (2048K), 1 survivors (2048K)
 Metaspace       used 25656K, committed 25920K, reserved 1073152K
  class space    used 3330K, committed 3456K, reserved 1048576K
}
Event: 3.226 GC heap before
{Heap before GC invocations=6 (full 0):
 garbage-first heap   total 55296K, used 35106K [0x00000004d7800000, 0x00000005d4400000)
  region size 2048K, 11 young (22528K), 1 survivors (2048K)
 Metaspace       used 29727K, committed 30080K, reserved 1081344K
  class space    used 3910K, committed 4096K, reserved 1048576K
}
Event: 3.231 GC heap after
{Heap after GC invocations=7 (full 0):
 garbage-first heap   total 55296K, used 16488K [0x00000004d7800000, 0x00000005d4400000)
  region size 2048K, 2 young (4096K), 2 survivors (4096K)
 Metaspace       used 29727K, committed 30080K, reserved 1081344K
  class space    used 3910K, committed 4096K, reserved 1048576K
}
Event: 3.768 GC heap before
{Heap before GC invocations=7 (full 0):
 garbage-first heap   total 55296K, used 36968K [0x00000004d7800000, 0x00000005d4400000)
  region size 2048K, 12 young (24576K), 2 survivors (4096K)
 Metaspace       used 35601K, committed 35968K, reserved 1081344K
  class space    used 4693K, committed 4864K, reserved 1048576K
}
Event: 3.773 GC heap after
{Heap after GC invocations=8 (full 0):
 garbage-first heap   total 157696K, used 18258K [0x00000004d7800000, 0x00000005d4400000)
  region size 2048K, 1 young (2048K), 1 survivors (2048K)
 Metaspace       used 35601K, committed 35968K, reserved 1081344K
  class space    used 4693K, committed 4864K, reserved 1048576K
}
Event: 3.776 GC heap before
{Heap before GC invocations=8 (full 0):
 garbage-first heap   total 157696K, used 18258K [0x00000004d7800000, 0x00000005d4400000)
  region size 2048K, 2 young (4096K), 1 survivors (2048K)
 Metaspace       used 35639K, committed 35968K, reserved 1081344K
  class space    used 4696K, committed 4864K, reserved 1048576K
}
Event: 3.778 GC heap after
{Heap after GC invocations=9 (full 0):
 garbage-first heap   total 157696K, used 18106K [0x00000004d7800000, 0x00000005d4400000)
  region size 2048K, 1 young (2048K), 1 survivors (2048K)
 Metaspace       used 35639K, committed 35968K, reserved 1081344K
  class space    used 4696K, committed 4864K, reserved 1048576K
}

